<?xml version="1.0" encoding="UTF-8"?>
<!-- Generated by org.testng.reporters.JUnitXMLReporter -->
<testsuite hostname="Harmeet-PC" ignored="0" name="Default test" tests="4" failures="0" timestamp="2020-12-29T14:10:56 IST" time="0.1" errors="0">
  <testcase name="test04" time="0.016" classname="TestNGSample.TestNGDependencies"/>
  <testcase name="test02" time="0.008" classname="TestNGSample.TestNGDependencies"/>
  <testcase name="test03" time="0.008" classname="TestNGSample.TestNGDependencies"/>
  <testcase name="test01" time="0.0" classname="TestNGSample.TestNGDependencies"/>
</testsuite> <!-- Default test -->
