<?xml version="1.0" encoding="UTF-8"?>
<!-- Generated by org.testng.reporters.JUnitXMLReporter -->
<testsuite hostname="Harmeet-PC" ignored="0" name="Default test" tests="3" failures="0" timestamp="24 Jan 2020 11:22:39 GMT" time="30.809" errors="0">
  <testcase name="test6" time="18.565" classname="com.TestNGListeners.ListnerWaitElement"/>
  <testcase name="test7" time="12.121" classname="com.TestNGListeners.ListnerWaitElement"/>
  <testcase name="test9" time="0.008" classname="com.TestNGListeners.ListnerWaitElement">
    <skipped/>
  </testcase> <!-- test9 -->
</testsuite> <!-- Default test -->
