<?xml version="1.0" encoding="UTF-8"?>
<!-- Generated by org.testng.reporters.JUnitXMLReporter -->
<testsuite hostname="Harmeet-PC" ignored="0" name="Test" tests="7" failures="1" timestamp="22 Jan 2020 06:15:47 GMT" time="55.564" errors="0">
  <testcase name="ArrayMulti" time="0.019" classname="com.TestNGListeners.ListnerDemo">
    <failure type="java.lang.ArrayIndexOutOfBoundsException" message="2">
      <![CDATA[java.lang.ArrayIndexOutOfBoundsException: 2
at com.TestNGListeners.ListnerDemo.ArrayMulti(ListnerDemo.java:56)
... Removed 25 stack frames]]>
    </failure>
  </testcase> <!-- ArrayMulti -->
  <testcase name="test1" time="0.021" classname="com.TestNGListeners.ListnerDemo"/>
  <testcase name="test2" time="11.309" classname="com.TestNGListeners.ListnerDemo"/>
  <testcase name="test3" time="0.001" classname="com.TestNGListeners.ListnerDemo">
    <skipped/>
  </testcase> <!-- test3 -->
  <testcase name="test6" time="27.648" classname="com.TestNGListeners.ListnerWaitElement"/>
  <testcase name="test7" time="16.404" classname="com.TestNGListeners.ListnerWaitElement"/>
  <testcase name="test9" time="0.007" classname="com.TestNGListeners.ListnerWaitElement">
    <skipped/>
  </testcase> <!-- test9 -->
</testsuite> <!-- Test -->
