<?xml version="1.0" encoding="UTF-8"?>
<!-- Generated by org.testng.reporters.JUnitXMLReporter -->
<testsuite hostname="Harmeet-PC" ignored="0" name="Test" tests="7" failures="1" timestamp="24 Jan 2020 10:43:24 GMT" time="51.725" errors="0">
  <testcase name="ArrayMulti" time="0.02" classname="com.TestNGListeners.ListnerDemo">
    <failure type="java.lang.ArrayIndexOutOfBoundsException" message="2">
      <![CDATA[java.lang.ArrayIndexOutOfBoundsException: 2
at com.TestNGListeners.ListnerDemo.ArrayMulti(ListnerDemo.java:56)
... Removed 25 stack frames]]>
    </failure>
  </testcase> <!-- ArrayMulti -->
  <testcase name="test1" time="0.009" classname="com.TestNGListeners.ListnerDemo"/>
  <testcase name="test2" time="15.946" classname="com.TestNGListeners.ListnerDemo"/>
  <testcase name="test3" time="0.012" classname="com.TestNGListeners.ListnerDemo">
    <skipped/>
  </testcase> <!-- test3 -->
  <testcase name="test6" time="21.267" classname="com.TestNGListeners.ListnerWaitElement"/>
  <testcase name="test7" time="14.378" classname="com.TestNGListeners.ListnerWaitElement"/>
  <testcase name="test9" time="0.005" classname="com.TestNGListeners.ListnerWaitElement">
    <skipped/>
  </testcase> <!-- test9 -->
</testsuite> <!-- Test -->
